0:100  0:100  MemLog inited, TSC freq: 2594111216
0:100  0:000  CPU was calibrated with ACPI PM Timer
0:100  0:000  
0:100  0:000  Now is 03.02.2020,  10:05:42 (GMT)
0:100  0:000  Starting Clover revision: 5103 (master, commit 3f3b85da0) on INSYDE Corp. EFI
0:100  0:000  Build with: [Args: -D NO_GRUB_DRIVERS_EMBEDDED -t GCC53 | -D NO_GRUB_DRIVERS_EMBEDDED --conf=/Users/sergey/src/CloverHackyColor/Conf -D USE_LOW_EBDA -a X64 -b RELEASE -t GCC53 -n 5 | OS: 10.14.6]
0:100  0:000  SelfDevicePath=PciRoot(0x0)\Pci(0x1F,0x2)\Sata(0x1,0x0,0x0)\HD(2,GPT,410188D2-64C5-4C9F-B0EC-D0FE5CABB219,0x12C800,0x96000) @B84FA798
0:100  0:000  SelfDirPath = \EFI\CLOVER
0:100  0:000  SimpleTextEx Status=Success
0:100  0:000  === [ Get Smbios ] ========================================
0:100  0:000  Type 16 Index = 0
0:100  0:000  Total Memory Slots Count = 2
0:100  0:000  Type 17 Index = 0
0:100  0:000  Table has error information, checking
0:100  0:000  Found memory information in table 18/0, type=0x3, operation=0x2 syndrome=0x0
0:100  0:000  ...memory OK
0:100  0:000  SmbiosTable.Type17->Speed = 1600MHz
0:100  0:000  SmbiosTable.Type17->Size = 4096MB
0:100  0:000  SmbiosTable.Type17->Bank/Device = BANK 0 DIMM0
0:100  0:000  SmbiosTable.Type17->Vendor = Kingston
0:100  0:000  SmbiosTable.Type17->SerialNumber = 0E24C6A4
0:100  0:000  SmbiosTable.Type17->PartNumber = 99U5469-045.A00LF 
0:100  0:000  Type 17 Index = 1
0:100  0:000  Table has error information, checking
0:100  0:000  Found memory information in table 18/1, type=0x3, operation=0x2 syndrome=0x0
0:100  0:000  ...memory OK
0:100  0:000  SmbiosTable.Type17->Speed = 1600MHz
0:100  0:000  SmbiosTable.Type17->Size = 4096MB
0:100  0:000  SmbiosTable.Type17->Bank/Device = BANK 2 DIMM1
0:100  0:000  SmbiosTable.Type17->Vendor = Unknown
0:100  0:000  SmbiosTable.Type17->SerialNumber = 4358B06C
0:100  0:000  SmbiosTable.Type17->PartNumber = RMT3160ED58E9W1600
0:100  0:000  Boot status=0
0:100  0:000  Running on: '20131' with board 'INVALID'
0:100  0:000  === [ GetCPUProperties ] ==================================
0:100  0:000  CPU Vendor = 756E6547 Model=306A9
0:100  0:000   The CPU supported SSE4.1
0:100  0:000  BrandString = Intel(R) Core(TM) i5-3230M CPU @ 2.60GHz
0:100  0:000   The CPU supported turbo
0:100  0:000  MSR 0x35               20004
0:100  0:000  MSR 0xE2 before patch 1E008404
0:100  0:000  MSR 0xE2 is locked, PM patches will be turned on
0:100  0:000  MSR 0xCE              00080C10_E0011A00
0:100  0:000  corrected FLEX_RATIO = 100000
0:100  0:000  MSR 0x1B0             00000000
0:100  0:000  FSBFrequency = 100 MHz, DMI FSBFrequency = 100 MHz, Corrected FSBFrequency = 100 MHz
0:100  0:000  MaxDiv/MinDiv: 26.0/12
0:100  0:000  Turbo: 30/30/30/32
0:100  0:000  Features: 0xBFEBFBFF
0:100  0:000  Threads: 4
0:100  0:000  Cores: 2
0:100  0:000  FSB: 100 MHz
0:100  0:000  CPU: 2600 MHz
0:100  0:000  TSC: 2600 MHz
0:100  0:000  PIS: 100 MHz
0:100  0:000  ExternalClock: 25 MHz
0:100  0:000  === [ GetDevices ] ========================================
0:100  0:000  GOP found at: <null string>
0:100  0:000  PCI (00|00:00.00) : 8086 0154 class=060000
0:100  0:000  PCI (00|00:02.00) : 8086 0166 class=030000
0:100  0:000   - GFX: Model=Intel HD Graphics 4000 (Intel)
0:100  0:000  PCI (00|00:14.00) : 8086 1E31 class=0C0330
0:100  0:000  PCI (00|00:16.00) : 8086 1E3A class=078000
0:100  0:000  PCI (00|00:1A.00) : 8086 1E2D class=0C0320
0:100  0:000  PCI (00|00:1B.00) : 8086 1E20 class=040300
0:100  0:000  PCI (00|00:1C.00) : 8086 1E10 class=060400
0:100  0:000  PCI (00|01:00.00) : 1969 1091 class=020000
0:100  0:000   - LAN: 0 Vendor=Atheros
0:100  0:000  PCI (00|00:1C.01) : 8086 1E12 class=060400
0:100  0:000  PCI (00|02:00.00) : 168C 002B class=028000
0:100  0:000   - WIFI: Vendor=Atheros
0:100  0:000  PCI (00|00:1C.03) : 8086 1E16 class=060400
0:100  0:000  PCI (00|03:00.00) : 197B 2392 class=088000
0:100  0:000  PCI (00|03:00.02) : 197B 2391 class=080501
0:100  0:000  PCI (00|03:00.03) : 197B 2393 class=088000
0:100  0:000  PCI (00|03:00.04) : 197B 2394 class=088000
0:100  0:000  PCI (00|00:1D.00) : 8086 1E26 class=0C0320
0:100  0:000  PCI (00|00:1F.00) : 8086 1E59 class=060100
0:100  0:000  PCI (00|00:1F.02) : 8086 1E03 class=010601
0:100  0:000  PCI (00|00:1F.03) : 8086 1E22 class=0C0500
0:100  0:000  PCI (00|00:1F.06) : FFFF FFFF class=FFFFFF
0:100  0:000  === [ GetDefaultSettings ] ================================
0:100  0:000  Clover load options size = 46 bytes
0:100  0:000  Clover started with option to boot bootmgfw.efi from 新加卷
0:106  0:005  CheckOEMPathExists tried EFI\CLOVER\OEM\20131--00-00-00-00-00-00. Dir not exists
0:106  0:000  CheckOEMPathExists tried EFI\CLOVER\OEM\INVALID\UEFI. Dir not exists
0:106  0:000  CheckOEMPathExists tried EFI\CLOVER\OEM\20131. Dir not exists
0:106  0:000  CheckOEMPathExists tried EFI\CLOVER\OEM\20131-2600. Dir not exists
0:106  0:000  CheckOEMPathExists tried EFI\CLOVER\OEM\INVALID. Dir not exists
0:106  0:000  CheckOEMPathExists tried EFI\CLOVER\OEM\INVALID-2600. Dir not exists
0:106  0:000  set OEMPath by default: EFI\CLOVER
0:116  0:009  EFI\CLOVER\config.plist loaded: Success
0:116  0:000  === [ GetListOfThemes ] ===================================
0:116  0:000  - [00]: embedded
0:116  0:000  - [00]: random
0:130  0:014  === [ Found config plists ] ===============================
0:130  0:000  - config.plist
0:130  0:000  === [ GetEarlyUserSettings ] ==============================
0:131  0:000  timeout set to 2
0:131  0:000  Custom boot CUSTOM_BOOT_DISABLED (0x0)
0:131  0:000  ForceKextsToLoad: 1 requested
0:131  0:000   - [0]: System\Library\Extensions\IONetworkingFamily.kext
0:131  0:000  Default theme: metal
0:131  0:000  ** Warning: unknown custom entry Type 'Other'
0:131  0:000  === [ LoadDrivers ] =======================================
0:149  0:018  Loading apfs.efi  status=Success
0:184  0:034   - driver needs connecting
0:184  0:000  Loading ApfsDriverLoader.efi  status=Success
0:184  0:000   - driver needs connecting
0:184  0:000  Loading AppleImageCodec-64.efi  status=Success
0:196  0:012  Loading AppleKeyAggregator-64.efi  status=Success
0:196  0:000  Loading AppleUITheme-64.efi  status=Success
0:197  0:000  Loading AptioMemoryFix.efi  status=Success
0:202  0:005  Loading AudioDxe-64.efi  status=Success
0:203  0:000   - driver needs connecting
0:203  0:000  Loading AudioDxe.efi  status=Success
0:203  0:000   - driver needs connecting
0:203  0:000  Loading DataHubDxe-64.efi  status=Success
0:205  0:002  Loading DataHubDxe.efi  status=Success
0:206  0:000  Loading EmuVariableUefi-64.efi  status=Success
0:206  0:000  EmuVariableUefi Initialize: VariableCommonInitialize = Success, orig services stored, install gEmuVariableControlProtocolGuid = Success
0:206  0:000  Loading FirmwareVolume-64.efi  status=Success
0:206  0:000  Loading FSInject-64.efi  status=Success
0:218  0:011  Loading FSInject.efi  status=Success
0:225  0:006  Loading HFSPlus.efi  status=Success
0:230  0:005   - driver needs connecting
0:230  0:000  Loading OsxFatBinaryDrv-64.efi  status=Success
0:239  0:009  Loading SMCHelper-64.efi  status=Success
0:239  0:000  5 drivers needs connecting ...
0:239  0:000  PlatformDriverOverrideProtocol not found. Installing ... Success
0:239  0:000  HFS+ driver loaded
0:239  0:000  APFS driver loaded
0:239  0:000  Searching for invalid DiskIo BY_DRIVER connects: not found, all ok
4:930  4:690  EmuVariable InstallEmulation: orig vars copied, emu.var.services installed, CreateEvent VirtualAddressChange = Success, CreateEvent ExitBootServices = Success, set Status=Success
4:940  0:010  === [ InitScreen ] ========================================
4:940  0:000  Console modes reported: 4, available modes:
4:940  0:000   - [01]: 80x25
4:940  0:000   - [04]: 80x25 (current mode)
4:940  0:000  SetScreenResolution: 1366x768 - already set
4:940  0:000  reinit: self device path=PciRoot(0x0)\Pci(0x1F,0x2)\Sata(0x1,0x0,0x0)\HD(2,GPT,410188D2-64C5-4C9F-B0EC-D0FE5CABB219,0x12C800,0x96000)
4:941  0:000  Using embedded font: Success
4:943  0:002  === [ GetMacAddress ] =====================================
4:943  0:000  === [ ScanSPD ] ===========================================
4:943  0:000  Scanning SMBus [8086:1E22], mmio: 0xD0715004, ioport: 0x3040, hostc: 0x1
4:962  0:019  Slot: 0 Type 24 4096MB 1600MHz Vendor=Kingston PartNo=99U5469-045.A00LF SerialNo=000E02040C060A04
4:982  0:019  Slot: 2 Type 24 4096MB 1600MHz Vendor=Ramaxel Technology PartNo=RMT3160ED58E9W1600A SerialNo=040305080B00060C
4:982  0:000  === [ GetAcpiTablesList ] =================================
4:983  0:000  Get Acpi Tables List from RSDT:
4:983  0:000   - [00]: FACP  CB-01    len=268
4:983  0:000   - [01]: SLIC  CB-01    len=374
4:983  0:000   - [02]: UEFI  CB-01    len=566
4:983  0:000   - [03]: ASF!  CB-01    len=165
4:983  0:000   - [04]: HPET  CB-01    len=56
4:983  0:000   - [05]: APIC  CB-01    len=140
4:983  0:000   - [06]: MCFG  CB-01    len=60
4:983  0:000   - [07]: SSDT  CB-01    len=1790
4:983  0:000   - [08]: BOOT  CB-01    len=40
4:983  0:000   - [09]: ASPT  CB-01    len=52
4:983  0:000   - [10]: DBGP  CB-01    len=52
4:983  0:000   - [11]: FPDT  CB-01    len=68
4:983  0:000   - [12]: MSDM  CB-01    len=85
4:983  0:000   - [13]: SSDT  CB-01    len=2474
4:983  0:000   - [14]: SSDT  CB-01    len=2706
4:983  0:000   - [15]: BGRT  CB-01    len=56
4:983  0:000  Calibrated TSC Frequency = 2594111216 = 2594MHz
4:983  0:000  === [ GetUserSettings ] ===================================
4:983  0:000  USB FixOwnership: yes
4:983  0:000  Dropping 1 tables:
4:983  0:000   - [00]: Drop table  signature="DMAR" (52414D44)
4:983  0:000           - set table: 52414D44,                0 to drop: no
4:983  0:000   - final DSDT Fix mask=10080041
4:983  0:000  PatchesDSDT: 1 requested
4:983  0:000   - [00]: (change EC0 to EC) lenToFind: 4, lenToReplace: 4, Target Bridge: <null string>
4:983  0:000  EnableC7: yes
4:983  0:000  EnableC6: yes
4:983  0:000  EnableC4: yes
4:983  0:000  EnableC2: yes
4:983  0:000  MaxMultiplier: 32
4:983  0:000  PluginType: 1
4:983  0:000  Using ProductName from config: MacBookPro9,2
4:983  0:000  Using latest BiosVersion from clover
4:983  0:000  BiosVersion: MBP91.88Z.F000.B00.1907241129
4:983  0:000  BiosReleaseDate: 07/24/2019
4:983  0:000  Using latest EfiVersion from clover: 229.0.0.0.0
4:983  0:000  Using FirmwareFeatures from config: 0xC00DE137
4:983  0:000  Using FirmwareFeaturesMask from config: 0xFF1FFF3F
4:983  0:000  Board-ID set from config as Mac-6F01561E16C75D06
4:983  0:000  BoardType: 0xA
4:983  0:000  ChassisType: 0xA
4:983  0:000  Converted CustomUUID AD5F11EA-BAF5-40B6-9120-D520F0A50A89
5:220  0:236  === [ Found DSDT tables ] =================================
5:232  0:012  - DSDT.aml
6:305  1:072  === [ ScanVolumes ] =======================================
6:305  0:000  Found 21 volumes with blockIO
6:305  0:000  - [00]: Volume: PciRoot(0x0)\Pci(0x1F,0x2)\Sata(0x0,0x0,0x0)
6:306  0:000  - [01]: Volume: PciRoot(0x0)\Pci(0x1F,0x2)\Sata(0x1,0x0,0x0)
6:315  0:009          Result of bootcode detection: bootable Linux (grub,linux)
6:315  0:000  - [02]: Volume: PciRoot(0x0)\Pci(0x1F,0x2)\Sata(0x0,0x0,0x0)\HD(1,GPT,8A984AFE-5357-40DA-A98D-429B3DA5B33A,0x28,0x64000)
6:316  0:000          Result of bootcode detection: bootable unknown (legacy)
6:316  0:000  - [03]: Volume: PciRoot(0x0)\Pci(0x1F,0x2)\Sata(0x0,0x0,0x0)\HD(2,GPT,888D39D0-6E69-48B3-8E4A-131FC64EBF8C,0x64028,0xEE18260)
6:316  0:000          Result of bootcode detection: bootable unknown (legacy)
6:316  0:000  - [04]: Volume: PciRoot(0x0)\Pci(0x1F,0x2)\Sata(0x1,0x0,0x0)\HD(1,GPT,155A666B-6590-439E-8386-50B786E0A5CC,0x800,0x12C000)
6:323  0:006          Result of bootcode detection: bootable Windows (vista,win)
6:323  0:000  - [05]: Volume: PciRoot(0x0)\Pci(0x1F,0x2)\Sata(0x1,0x0,0x0)\HD(2,GPT,410188D2-64C5-4C9F-B0EC-D0FE5CABB219,0x12C800,0x96000)
6:328  0:005          Result of bootcode detection: bootable Windows (vista,win)
6:333  0:004          This is SelfVolume !!
6:333  0:000  - [06]: Volume: PciRoot(0x0)\Pci(0x1F,0x2)\Sata(0x1,0x0,0x0)\HD(3,GPT,31EED2F1-1EDA-4DA4-9D9A-BA62D344123E,0x1C2800,0x40000)
6:343  0:010  - [07]: Volume: PciRoot(0x0)\Pci(0x1F,0x2)\Sata(0x1,0x0,0x0)\HD(4,GPT,8205C854-F89D-42AB-8534-B0215C0FFAF1,0x202800,0x9B39000)
6:348  0:004          Result of bootcode detection: bootable Windows (vista,win)
6:348  0:000  - [08]: Volume: PciRoot(0x0)\Pci(0x1F,0x2)\Sata(0x1,0x0,0x0)\HD(5,GPT,6937DFA4-E8C4-4DF5-9385-FC58F80DA726,0x9D3B800,0x2800000)
6:364  0:016          Result of bootcode detection: bootable Windows (vista,win)
6:364  0:000  - [09]: Volume: PciRoot(0x0)\Pci(0x1F,0x2)\Sata(0x1,0x0,0x0)\HD(6,GPT,1594CC19-8A7A-4560-B360-60D5C3488660,0xC53B800,0xCF6D800)
6:375  0:010          Result of bootcode detection: bootable unknown (legacy)
6:375  0:000  - [10]: Volume: PciRoot(0x0)\Pci(0x1F,0x2)\Sata(0x1,0x0,0x0)\HD(7,GPT,A72CC5FB-E557-44AB-AC4A-7F84BE671B89,0x194A9000,0xEF14800)
6:393  0:018  - [11]: Volume: PciRoot(0x0)\Pci(0x1F,0x2)\Sata(0x1,0x0,0x0)\HD(8,GPT,331DB75B-F483-43DE-9461-7AA085E288D7,0x2843D800,0x7DA000)
6:414  0:020  - [12]: Volume: PciRoot(0x0)\Pci(0x1F,0x2)\Sata(0x1,0x0,0x0)\HD(9,GPT,0E3C9405-2153-4691-BA54-30B528E1CDC2,0x28C17800,0xF76E000)
6:428  0:014          Result of bootcode detection: bootable Windows (vista,win)
6:428  0:000  - [13]: Volume: PciRoot(0x0)\Pci(0x1F,0x2)\Sata(0x1,0x0,0x0)\HD(10,GPT,260C83DA-5F0C-40A3-A07F-0BFD0DC387F2,0x38386000,0x2000000)
6:451  0:022          Result of bootcode detection: bootable Windows (vista,win)
6:451  0:000  - [14]: Volume: PciRoot(0x0)\Pci(0x1F,0x2)\Sata(0x2,0x0,0x0)
6:451  0:000          Found optical drive
6:451  0:000  - [15]: Volume: PciRoot(0x0)\Pci(0x1F,0x2)\Sata(0x0,0x0,0x0)\HD(2,GPT,888D39D0-6E69-48B3-8E4A-131FC64EBF8C,0x64028,0xEE18260)\VenMedia(BE74FCF7-0B7C-49F3-9147-01F4042E6842,BA942B990245E44EA7E7ECEAAD5D5FA6)
6:451  0:000  - [16]: Volume: PciRoot(0x0)\Pci(0x1F,0x2)\Sata(0x0,0x0,0x0)\HD(2,GPT,888D39D0-6E69-48B3-8E4A-131FC64EBF8C,0x64028,0xEE18260)\VenMedia(BE74FCF7-0B7C-49F3-9147-01F4042E6842,AC26E61D0FFD3540AAEBF279790D79C5)
6:451  0:000  - [17]: Volume: PciRoot(0x0)\Pci(0x1F,0x2)\Sata(0x0,0x0,0x0)\HD(2,GPT,888D39D0-6E69-48B3-8E4A-131FC64EBF8C,0x64028,0xEE18260)\VenMedia(BE74FCF7-0B7C-49F3-9147-01F4042E6842,3A82E9207E644C479F6E42FF5285D9DD)
6:451  0:000  - [18]: Volume: PciRoot(0x0)\Pci(0x1F,0x2)\Sata(0x0,0x0,0x0)\HD(2,GPT,888D39D0-6E69-48B3-8E4A-131FC64EBF8C,0x64028,0xEE18260)\VenMedia(BE74FCF7-0B7C-49F3-9147-01F4042E6842,A860F41D1A274C499C8309BE948A5C00)
6:451  0:000  - [19]: Volume: PciRoot(0x0)\Pci(0x1F,0x2)\Sata(0x0,0x0,0x0)\HD(2,GPT,888D39D0-6E69-48B3-8E4A-131FC64EBF8C,0x64028,0xEE18260)\VenMedia(BE74FCF7-0B7C-49F3-9147-01F4042E6842,D149B62B8E6BDC4FBA3A90C0A4B5EBE9)
6:451  0:000  - [20]: Volume: PciRoot(0x0)\Pci(0x1F,0x2)\Sata(0x1,0x0,0x0)\HD(6,GPT,1594CC19-8A7A-4560-B360-60D5C3488660,0xC53B800,0xCF6D800)\VenMedia(BE74FCF7-0B7C-49F3-9147-01F4042E6842,76875E648AB4564E83F95CA77E057D73)
6:453  0:001  PutNvramPlistToRtVars: nvram.plist not found
6:453  0:000  found 2 handles with audio
6:453  0:000  No AudioIoDevice stored
6:453  0:000  no stored audio parameters
6:453  0:000  Found Audio Device Realtek ALC269 (Speaker) at index 0
6:453  0:000  Found Audio Device Realtek ALC269 (Headphones) at index 1
6:453  0:000  Found Audio Device Realtek ALC269 (SPDIF) at index 2
6:453  0:000  Found Audio Device Intel Panther Point HDMI (HDMI) at index 3
6:453  0:000  === [ InitTheme ] =========================================
6:453  0:000  use daylight theme
6:453  0:000   using embedded theme
6:453  0:000  got embedded sound
6:453  0:000    Channels: 2  Sample rate: 8000 Hz  Bits: 16
6:453  0:000  output to channel 0 with volume 70, len=25600
6:453  0:000   sound channels=2 bits=16 freq=8000
6:454  0:000  sound converted to 48kHz
6:454  0:000  not found AudioIo to play
6:454  0:000  sound play end with status=Not Found
6:455  0:000  Using embedded font: Success
6:455  0:000  theme inited
6:455  0:000  Chosen embedded theme
6:455  0:000  found boot-args in NVRAM:keepsyms=1 brcmfx-country=#a -v -lilubetaall -alcdbg, size=53
6:455  0:000  ...found arg:keepsyms=1
6:455  0:000  ...adding arg:keepsyms=1
6:455  0:000  ...found arg:brcmfx-country=#a
6:455  0:000  ...adding arg:brcmfx-country=#a
6:455  0:000  ...found arg:-v
6:455  0:000  ...found arg:-lilubetaall
6:455  0:000  ...adding arg:-lilubetaall
6:455  0:000  ...found arg:-alcdbg
6:455  0:000  ...adding arg:-alcdbg
6:455  0:000  after NVRAM boot-args=arch=x86_64 dart=0 darkwake=8 nv_disable=1 -gux_defer_usb2 -v keepsyms=1 brcmfx-country=#a -lilubetaall -alcdbg 
6:455  0:000  === [ Dump SMC keys from NVRAM ] ==========================
6:455  0:000  found AppleSMC protocol
6:455  0:000  Registered 17 SMC keys
6:455  0:000  === [ AddCustomEntries ] ==================================
6:455  0:000  Custom entry 0 skipped because it is disabled.
6:455  0:000  === [ ScanLoader ] ========================================
6:455  0:000  - [02]: 'EFI'
6:455  0:000          AddLoaderEntry for Volume Name=EFI
6:455  0:000      Not match custom entry 0: Type: not match
6:457  0:001          AddLoaderEntry for Volume Name=EFI
6:457  0:000          skipped because entry is hidden
6:457  0:000  - [05]: 'EFI'
6:487  0:030          AddLoaderEntry for Volume Name=EFI
6:487  0:000      Not match custom entry 0: Type: not match
6:487  0:000          AddLoaderEntry for Volume Name=EFI
6:487  0:000          skipped because entry is hidden
6:487  0:000  - [08]: '新加卷'
6:487  0:000          AddLoaderEntry for Volume Name=新加卷
6:487  0:000          skipped because entry is hidden
6:487  0:000  - [10]: 'Backups'
6:489  0:001  - [15]: 'Preboot'
6:495  0:006          AddLoaderEntry for Volume Name=Preboot
6:495  0:000      Not match custom entry 0: Type: not match
6:503  0:008      Check if volume Is Hibernated:
6:503  0:000      Check sleep image 'by signature':
6:504  0:000      using default sleep image name = \private\var\vm\sleepimage
6:504  0:000      sleepimage not found -> Not Found
6:504  0:000      hibernated: no - sign
6:516  0:011  - [16]: 'Basic - pn'
6:546  0:030  - [17]: 'Recovery'
6:552  0:006          AddLoaderEntry for Volume Name=Recovery
6:552  0:000      Not match custom entry 0: Type: not match
6:567  0:014  - [18]: 'VM'
6:567  0:000  - [19]: 'Basic'
6:604  0:037          AddLoaderEntry for Volume Name=Basic
6:605  0:000      Not match custom entry 0: Type: not match
6:613  0:008      Check if volume Is Hibernated:
6:613  0:000      Check sleep image 'by signature':
6:618  0:005      using default sleep image name = \private\var\vm\sleepimage
6:621  0:002      sleepimage not found -> Not Found
6:621  0:000      hibernated: no - sign
6:641  0:020  - [20]: 'VM'
6:651  0:010  === [ AddCustomTool ] =====================================
6:887  0:235  found tool \EFI\CLOVER\tools\Shell64U.efi
6:887  0:000  Checking EFI partition Volume 2 for Clover
6:888  0:001   Found Clover
6:888  0:000  EmuVariable UninstallEmulation: CloseEvent = Success, original var services restored
6:889  0:001  EmuVariable InstallEmulation: orig vars copied, emu.var.services installed, CreateEvent VirtualAddressChange = Success, CreateEvent ExitBootServices = Success, set Status=Success
6:900  0:010  === [ GetEfiBootDeviceFromNvram ] =========================
6:900  0:000  Default boot entry not found
6:900  0:000  EmuVariable UninstallEmulation: CloseEvent = Success, original var services restored
6:900  0:000  DefaultIndex=-1 and MainMenu.EntryCount=11
6:984  0:084  GUI ready
11:697  4:713  exit from MainMenu 8
11:698  0:000  ReinitSelfLib after theme change
11:698  0:000  reinit: self device path=PciRoot(0x0)\Pci(0x1F,0x2)\Sata(0x1,0x0,0x0)\HD(2,GPT,410188D2-64C5-4C9F-B0EC-D0FE5CABB219,0x12C800,0x96000)
11:698  0:000  === [ ScanVolumes ] =======================================
11:698  0:000  Found 21 volumes with blockIO
11:698  0:000  - [00]: Volume: PciRoot(0x0)\Pci(0x1F,0x2)\Sata(0x0,0x0,0x0)
11:698  0:000  - [01]: Volume: PciRoot(0x0)\Pci(0x1F,0x2)\Sata(0x1,0x0,0x0)
11:727  0:028          Result of bootcode detection: bootable Linux (grub,linux)
11:727  0:000  - [02]: Volume: PciRoot(0x0)\Pci(0x1F,0x2)\Sata(0x0,0x0,0x0)\HD(1,GPT,8A984AFE-5357-40DA-A98D-429B3DA5B33A,0x28,0x64000)
11:727  0:000          Result of bootcode detection: bootable unknown (legacy)
11:727  0:000  - [03]: Volume: PciRoot(0x0)\Pci(0x1F,0x2)\Sata(0x0,0x0,0x0)\HD(2,GPT,888D39D0-6E69-48B3-8E4A-131FC64EBF8C,0x64028,0xEE18260)
11:727  0:000          Result of bootcode detection: bootable unknown (legacy)
11:727  0:000  - [04]: Volume: PciRoot(0x0)\Pci(0x1F,0x2)\Sata(0x1,0x0,0x0)\HD(1,GPT,155A666B-6590-439E-8386-50B786E0A5CC,0x800,0x12C000)
11:734  0:006          Result of bootcode detection: bootable Windows (vista,win)
11:734  0:000  - [05]: Volume: PciRoot(0x0)\Pci(0x1F,0x2)\Sata(0x1,0x0,0x0)\HD(2,GPT,410188D2-64C5-4C9F-B0EC-D0FE5CABB219,0x12C800,0x96000)
11:739  0:005          Result of bootcode detection: bootable Windows (vista,win)
11:739  0:000          This is SelfVolume !!
11:739  0:000  - [06]: Volume: PciRoot(0x0)\Pci(0x1F,0x2)\Sata(0x1,0x0,0x0)\HD(3,GPT,31EED2F1-1EDA-4DA4-9D9A-BA62D344123E,0x1C2800,0x40000)
11:743  0:003  - [07]: Volume: PciRoot(0x0)\Pci(0x1F,0x2)\Sata(0x1,0x0,0x0)\HD(4,GPT,8205C854-F89D-42AB-8534-B0215C0FFAF1,0x202800,0x9B39000)
11:748  0:004          Result of bootcode detection: bootable Windows (vista,win)
11:748  0:000  - [08]: Volume: PciRoot(0x0)\Pci(0x1F,0x2)\Sata(0x1,0x0,0x0)\HD(5,GPT,6937DFA4-E8C4-4DF5-9385-FC58F80DA726,0x9D3B800,0x2800000)
11:765  0:016          Result of bootcode detection: bootable Windows (vista,win)
11:765  0:000  - [09]: Volume: PciRoot(0x0)\Pci(0x1F,0x2)\Sata(0x1,0x0,0x0)\HD(6,GPT,1594CC19-8A7A-4560-B360-60D5C3488660,0xC53B800,0xCF6D800)
11:775  0:010          Result of bootcode detection: bootable unknown (legacy)
11:775  0:000  - [10]: Volume: PciRoot(0x0)\Pci(0x1F,0x2)\Sata(0x1,0x0,0x0)\HD(7,GPT,A72CC5FB-E557-44AB-AC4A-7F84BE671B89,0x194A9000,0xEF14800)
11:794  0:018  - [11]: Volume: PciRoot(0x0)\Pci(0x1F,0x2)\Sata(0x1,0x0,0x0)\HD(8,GPT,331DB75B-F483-43DE-9461-7AA085E288D7,0x2843D800,0x7DA000)
11:814  0:020  - [12]: Volume: PciRoot(0x0)\Pci(0x1F,0x2)\Sata(0x1,0x0,0x0)\HD(9,GPT,0E3C9405-2153-4691-BA54-30B528E1CDC2,0x28C17800,0xF76E000)
11:828  0:014          Result of bootcode detection: bootable Windows (vista,win)
11:828  0:000  - [13]: Volume: PciRoot(0x0)\Pci(0x1F,0x2)\Sata(0x1,0x0,0x0)\HD(10,GPT,260C83DA-5F0C-40A3-A07F-0BFD0DC387F2,0x38386000,0x2000000)
11:851  0:022          Result of bootcode detection: bootable Windows (vista,win)
11:851  0:000  - [14]: Volume: PciRoot(0x0)\Pci(0x1F,0x2)\Sata(0x2,0x0,0x0)
11:851  0:000          Found optical drive
11:851  0:000  - [15]: Volume: PciRoot(0x0)\Pci(0x1F,0x2)\Sata(0x0,0x0,0x0)\HD(2,GPT,888D39D0-6E69-48B3-8E4A-131FC64EBF8C,0x64028,0xEE18260)\VenMedia(BE74FCF7-0B7C-49F3-9147-01F4042E6842,BA942B990245E44EA7E7ECEAAD5D5FA6)
11:851  0:000  - [16]: Volume: PciRoot(0x0)\Pci(0x1F,0x2)\Sata(0x0,0x0,0x0)\HD(2,GPT,888D39D0-6E69-48B3-8E4A-131FC64EBF8C,0x64028,0xEE18260)\VenMedia(BE74FCF7-0B7C-49F3-9147-01F4042E6842,AC26E61D0FFD3540AAEBF279790D79C5)
11:851  0:000  - [17]: Volume: PciRoot(0x0)\Pci(0x1F,0x2)\Sata(0x0,0x0,0x0)\HD(2,GPT,888D39D0-6E69-48B3-8E4A-131FC64EBF8C,0x64028,0xEE18260)\VenMedia(BE74FCF7-0B7C-49F3-9147-01F4042E6842,3A82E9207E644C479F6E42FF5285D9DD)
11:851  0:000  - [18]: Volume: PciRoot(0x0)\Pci(0x1F,0x2)\Sata(0x0,0x0,0x0)\HD(2,GPT,888D39D0-6E69-48B3-8E4A-131FC64EBF8C,0x64028,0xEE18260)\VenMedia(BE74FCF7-0B7C-49F3-9147-01F4042E6842,A860F41D1A274C499C8309BE948A5C00)
11:851  0:000  - [19]: Volume: PciRoot(0x0)\Pci(0x1F,0x2)\Sata(0x0,0x0,0x0)\HD(2,GPT,888D39D0-6E69-48B3-8E4A-131FC64EBF8C,0x64028,0xEE18260)\VenMedia(BE74FCF7-0B7C-49F3-9147-01F4042E6842,D149B62B8E6BDC4FBA3A90C0A4B5EBE9)
11:852  0:000  - [20]: Volume: PciRoot(0x0)\Pci(0x1F,0x2)\Sata(0x1,0x0,0x0)\HD(6,GPT,1594CC19-8A7A-4560-B360-60D5C3488660,0xC53B800,0xCF6D800)\VenMedia(BE74FCF7-0B7C-49F3-9147-01F4042E6842,76875E648AB4564E83F95CA77E057D73)
11:852  0:000  found 2 handles with audio
11:852  0:000  No AudioIoDevice stored
11:852  0:000  no stored audio parameters
11:852  0:000  Found Audio Device Realtek ALC269 (Speaker) at index 0
11:852  0:000  Found Audio Device Realtek ALC269 (Headphones) at index 1
11:852  0:000  Found Audio Device Realtek ALC269 (SPDIF) at index 2
11:852  0:000  Found Audio Device Intel Panther Point HDMI (HDMI) at index 3
11:852  0:000  theme inited
11:852  0:000  Chosen embedded theme
11:852  0:000  found boot-args in NVRAM:keepsyms=1 brcmfx-country=#a -v -lilubetaall -alcdbg, size=53
11:852  0:000  ...found arg:keepsyms=1
11:852  0:000  ...found arg:brcmfx-country=#a
11:852  0:000  ...found arg:-v
11:852  0:000  ...found arg:-lilubetaall
11:852  0:000  ...found arg:-alcdbg
11:852  0:000  after NVRAM boot-args=arch=x86_64 dart=0 darkwake=8 nv_disable=1 -gux_defer_usb2 -v keepsyms=1 brcmfx-country=#a -lilubetaall -alcdbg 
11:852  0:000  === [ AddCustomEntries ] ==================================
11:852  0:000  Custom entry 0 skipped because it is disabled.
11:852  0:000  === [ ScanLoader ] ========================================
11:852  0:000  - [02]: 'EFI'
11:852  0:000          AddLoaderEntry for Volume Name=EFI
11:852  0:000      Not match custom entry 0: Type: not match
11:852  0:000          AddLoaderEntry for Volume Name=EFI
11:852  0:000      Skipped because matching custom entry 0!
11:852  0:000  - [05]: 'EFI'
11:852  0:000          AddLoaderEntry for Volume Name=EFI
11:852  0:000      Not match custom entry 0: Type: not match
11:852  0:000          AddLoaderEntry for Volume Name=EFI
11:852  0:000      Skipped because matching custom entry 0!
11:852  0:000  - [08]: '新加卷'
11:853  0:000          AddLoaderEntry for Volume Name=新加卷
11:853  0:000      Skipped because matching custom entry 0!
11:853  0:000  - [10]: 'Backups'
11:854  0:001  - [15]: 'Preboot'
11:860  0:006          AddLoaderEntry for Volume Name=Preboot
11:861  0:000      Not match custom entry 0: Type: not match
11:866  0:005      Check if volume Is Hibernated:
11:866  0:000      Check sleep image 'by signature':
11:867  0:000      using default sleep image name = \private\var\vm\sleepimage
11:867  0:000      sleepimage not found -> Not Found
11:867  0:000      hibernated: no - sign
11:878  0:011  - [16]: 'Basic - pn'
11:906  0:028  - [17]: 'Recovery'
11:912  0:006          AddLoaderEntry for Volume Name=Recovery
11:912  0:000      Not match custom entry 0: Type: not match
11:925  0:013  - [18]: 'VM'
11:926  0:000  - [19]: 'Basic'
11:954  0:028          AddLoaderEntry for Volume Name=Basic
11:954  0:000      Not match custom entry 0: Type: not match
11:960  0:006      Check if volume Is Hibernated:
11:960  0:000      Check sleep image 'by signature':
11:964  0:003      using default sleep image name = \private\var\vm\sleepimage
11:965  0:001      sleepimage not found -> Not Found
11:965  0:000      hibernated: no - sign
11:985  0:020  - [20]: 'VM'
11:996  0:010  === [ AddCustomTool ] =====================================
11:996  0:000  found tool \EFI\CLOVER\tools\Shell64U.efi
11:996  0:000  Checking EFI partition Volume 2 for Clover
11:996  0:000   Found Clover
11:996  0:000  EmuVariable UninstallEmulation: CloseEvent = Invalid Parameter, original var services restored
11:996  0:000  EmuVariable InstallEmulation: orig vars copied, emu.var.services installed, CreateEvent VirtualAddressChange = Success, CreateEvent ExitBootServices = Success, set Status=Success
12:007  0:010  === [ GetEfiBootDeviceFromNvram ] =========================
12:007  0:000  Default boot entry not found
12:007  0:000  EmuVariable UninstallEmulation: CloseEvent = Success, original var services restored
12:007  0:000  DefaultIndex=-1 and MainMenu.EntryCount=11
14:097  2:090  exit from MainMenu 8
14:097  0:000  ReinitSelfLib after theme change
14:097  0:000  reinit: self device path=PciRoot(0x0)\Pci(0x1F,0x2)\Sata(0x1,0x0,0x0)\HD(2,GPT,410188D2-64C5-4C9F-B0EC-D0FE5CABB219,0x12C800,0x96000)
14:097  0:000  === [ ScanVolumes ] =======================================
14:097  0:000  Found 21 volumes with blockIO
14:097  0:000  - [00]: Volume: PciRoot(0x0)\Pci(0x1F,0x2)\Sata(0x0,0x0,0x0)
14:098  0:000  - [01]: Volume: PciRoot(0x0)\Pci(0x1F,0x2)\Sata(0x1,0x0,0x0)
14:116  0:017          Result of bootcode detection: bootable Linux (grub,linux)
14:116  0:000  - [02]: Volume: PciRoot(0x0)\Pci(0x1F,0x2)\Sata(0x0,0x0,0x0)\HD(1,GPT,8A984AFE-5357-40DA-A98D-429B3DA5B33A,0x28,0x64000)
14:116  0:000          Result of bootcode detection: bootable unknown (legacy)
14:116  0:000  - [03]: Volume: PciRoot(0x0)\Pci(0x1F,0x2)\Sata(0x0,0x0,0x0)\HD(2,GPT,888D39D0-6E69-48B3-8E4A-131FC64EBF8C,0x64028,0xEE18260)
14:116  0:000          Result of bootcode detection: bootable unknown (legacy)
14:116  0:000  - [04]: Volume: PciRoot(0x0)\Pci(0x1F,0x2)\Sata(0x1,0x0,0x0)\HD(1,GPT,155A666B-6590-439E-8386-50B786E0A5CC,0x800,0x12C000)
14:123  0:006          Result of bootcode detection: bootable Windows (vista,win)
14:123  0:000  - [05]: Volume: PciRoot(0x0)\Pci(0x1F,0x2)\Sata(0x1,0x0,0x0)\HD(2,GPT,410188D2-64C5-4C9F-B0EC-D0FE5CABB219,0x12C800,0x96000)
14:128  0:005          Result of bootcode detection: bootable Windows (vista,win)
14:128  0:000          This is SelfVolume !!
14:128  0:000  - [06]: Volume: PciRoot(0x0)\Pci(0x1F,0x2)\Sata(0x1,0x0,0x0)\HD(3,GPT,31EED2F1-1EDA-4DA4-9D9A-BA62D344123E,0x1C2800,0x40000)
14:132  0:003  - [07]: Volume: PciRoot(0x0)\Pci(0x1F,0x2)\Sata(0x1,0x0,0x0)\HD(4,GPT,8205C854-F89D-42AB-8534-B0215C0FFAF1,0x202800,0x9B39000)
14:137  0:004          Result of bootcode detection: bootable Windows (vista,win)
14:137  0:000  - [08]: Volume: PciRoot(0x0)\Pci(0x1F,0x2)\Sata(0x1,0x0,0x0)\HD(5,GPT,6937DFA4-E8C4-4DF5-9385-FC58F80DA726,0x9D3B800,0x2800000)
14:154  0:016          Result of bootcode detection: bootable Windows (vista,win)
14:154  0:000  - [09]: Volume: PciRoot(0x0)\Pci(0x1F,0x2)\Sata(0x1,0x0,0x0)\HD(6,GPT,1594CC19-8A7A-4560-B360-60D5C3488660,0xC53B800,0xCF6D800)
14:164  0:010          Result of bootcode detection: bootable unknown (legacy)
14:164  0:000  - [10]: Volume: PciRoot(0x0)\Pci(0x1F,0x2)\Sata(0x1,0x0,0x0)\HD(7,GPT,A72CC5FB-E557-44AB-AC4A-7F84BE671B89,0x194A9000,0xEF14800)
14:183  0:018  - [11]: Volume: PciRoot(0x0)\Pci(0x1F,0x2)\Sata(0x1,0x0,0x0)\HD(8,GPT,331DB75B-F483-43DE-9461-7AA085E288D7,0x2843D800,0x7DA000)
14:203  0:020  - [12]: Volume: PciRoot(0x0)\Pci(0x1F,0x2)\Sata(0x1,0x0,0x0)\HD(9,GPT,0E3C9405-2153-4691-BA54-30B528E1CDC2,0x28C17800,0xF76E000)
14:217  0:014          Result of bootcode detection: bootable Windows (vista,win)
14:217  0:000  - [13]: Volume: PciRoot(0x0)\Pci(0x1F,0x2)\Sata(0x1,0x0,0x0)\HD(10,GPT,260C83DA-5F0C-40A3-A07F-0BFD0DC387F2,0x38386000,0x2000000)
14:240  0:022          Result of bootcode detection: bootable Windows (vista,win)
14:240  0:000  - [14]: Volume: PciRoot(0x0)\Pci(0x1F,0x2)\Sata(0x2,0x0,0x0)
14:240  0:000          Found optical drive
14:240  0:000  - [15]: Volume: PciRoot(0x0)\Pci(0x1F,0x2)\Sata(0x0,0x0,0x0)\HD(2,GPT,888D39D0-6E69-48B3-8E4A-131FC64EBF8C,0x64028,0xEE18260)\VenMedia(BE74FCF7-0B7C-49F3-9147-01F4042E6842,BA942B990245E44EA7E7ECEAAD5D5FA6)
14:240  0:000  - [16]: Volume: PciRoot(0x0)\Pci(0x1F,0x2)\Sata(0x0,0x0,0x0)\HD(2,GPT,888D39D0-6E69-48B3-8E4A-131FC64EBF8C,0x64028,0xEE18260)\VenMedia(BE74FCF7-0B7C-49F3-9147-01F4042E6842,AC26E61D0FFD3540AAEBF279790D79C5)
14:240  0:000  - [17]: Volume: PciRoot(0x0)\Pci(0x1F,0x2)\Sata(0x0,0x0,0x0)\HD(2,GPT,888D39D0-6E69-48B3-8E4A-131FC64EBF8C,0x64028,0xEE18260)\VenMedia(BE74FCF7-0B7C-49F3-9147-01F4042E6842,3A82E9207E644C479F6E42FF5285D9DD)
14:240  0:000  - [18]: Volume: PciRoot(0x0)\Pci(0x1F,0x2)\Sata(0x0,0x0,0x0)\HD(2,GPT,888D39D0-6E69-48B3-8E4A-131FC64EBF8C,0x64028,0xEE18260)\VenMedia(BE74FCF7-0B7C-49F3-9147-01F4042E6842,A860F41D1A274C499C8309BE948A5C00)
14:240  0:000  - [19]: Volume: PciRoot(0x0)\Pci(0x1F,0x2)\Sata(0x0,0x0,0x0)\HD(2,GPT,888D39D0-6E69-48B3-8E4A-131FC64EBF8C,0x64028,0xEE18260)\VenMedia(BE74FCF7-0B7C-49F3-9147-01F4042E6842,D149B62B8E6BDC4FBA3A90C0A4B5EBE9)
14:240  0:000  - [20]: Volume: PciRoot(0x0)\Pci(0x1F,0x2)\Sata(0x1,0x0,0x0)\HD(6,GPT,1594CC19-8A7A-4560-B360-60D5C3488660,0xC53B800,0xCF6D800)\VenMedia(BE74FCF7-0B7C-49F3-9147-01F4042E6842,76875E648AB4564E83F95CA77E057D73)
14:241  0:000  found 2 handles with audio
14:241  0:000  No AudioIoDevice stored
14:241  0:000  no stored audio parameters
14:241  0:000  Found Audio Device Realtek ALC269 (Speaker) at index 0
14:241  0:000  Found Audio Device Realtek ALC269 (Headphones) at index 1
14:241  0:000  Found Audio Device Realtek ALC269 (SPDIF) at index 2
14:241  0:000  Found Audio Device Intel Panther Point HDMI (HDMI) at index 3
14:241  0:000  theme inited
14:241  0:000  Chosen embedded theme
14:241  0:000  found boot-args in NVRAM:keepsyms=1 brcmfx-country=#a -v -lilubetaall -alcdbg, size=53
14:241  0:000  ...found arg:keepsyms=1
14:241  0:000  ...found arg:brcmfx-country=#a
14:241  0:000  ...found arg:-v
14:241  0:000  ...found arg:-lilubetaall
14:241  0:000  ...found arg:-alcdbg
14:241  0:000  after NVRAM boot-args=arch=x86_64 dart=0 darkwake=8 nv_disable=1 -gux_defer_usb2 -v keepsyms=1 brcmfx-country=#a -lilubetaall -alcdbg 
14:241  0:000  === [ AddCustomEntries ] ==================================
14:241  0:000  Custom entry 0 skipped because it is disabled.
14:241  0:000  === [ ScanLoader ] ========================================
14:241  0:000  - [02]: 'EFI'
14:241  0:000          AddLoaderEntry for Volume Name=EFI
14:241  0:000      Not match custom entry 0: Type: not match
14:241  0:000          AddLoaderEntry for Volume Name=EFI
14:241  0:000          skipped because entry is hidden
14:241  0:000  - [05]: 'EFI'
14:241  0:000          AddLoaderEntry for Volume Name=EFI
14:241  0:000      Not match custom entry 0: Type: not match
14:241  0:000          AddLoaderEntry for Volume Name=EFI
14:241  0:000          skipped because entry is hidden
14:241  0:000  - [08]: '新加卷'
14:242  0:000          AddLoaderEntry for Volume Name=新加卷
14:242  0:000          skipped because entry is hidden
14:242  0:000  - [10]: 'Backups'
14:243  0:001  - [15]: 'Preboot'
14:249  0:006          AddLoaderEntry for Volume Name=Preboot
14:249  0:000      Not match custom entry 0: Type: not match
14:255  0:005      Check if volume Is Hibernated:
14:255  0:000      Check sleep image 'by signature':
14:256  0:000      using default sleep image name = \private\var\vm\sleepimage
14:256  0:000      sleepimage not found -> Not Found
14:256  0:000      hibernated: no - sign
14:267  0:011  - [16]: 'Basic - pn'
14:294  0:026  - [17]: 'Recovery'
14:300  0:006          AddLoaderEntry for Volume Name=Recovery
14:300  0:000      Not match custom entry 0: Type: not match
14:313  0:013  - [18]: 'VM'
14:313  0:000  - [19]: 'Basic'
14:342  0:028          AddLoaderEntry for Volume Name=Basic
14:342  0:000      Not match custom entry 0: Type: not match
14:348  0:006      Check if volume Is Hibernated:
14:348  0:000      Check sleep image 'by signature':
14:351  0:003      using default sleep image name = \private\var\vm\sleepimage
14:353  0:001      sleepimage not found -> Not Found
14:353  0:000      hibernated: no - sign
14:373  0:020  - [20]: 'VM'
14:384  0:010  === [ AddCustomTool ] =====================================
14:384  0:000  found tool \EFI\CLOVER\tools\Shell64U.efi
14:384  0:000  Checking EFI partition Volume 2 for Clover
14:384  0:000   Found Clover
14:384  0:000  EmuVariable UninstallEmulation: CloseEvent = Invalid Parameter, original var services restored
14:384  0:000  EmuVariable InstallEmulation: orig vars copied, emu.var.services installed, CreateEvent VirtualAddressChange = Success, CreateEvent ExitBootServices = Success, set Status=Success
14:396  0:011  === [ GetEfiBootDeviceFromNvram ] =========================
14:396  0:000  Default boot entry not found
14:396  0:000  EmuVariable UninstallEmulation: CloseEvent = Success, original var services restored
14:396  0:000  DefaultIndex=-1 and MainMenu.EntryCount=11
16:919  2:522  exit from MainMenu 7
59:918  42:999  exit from MainMenu 1
59:918  0:000  Boot option 0 has other volume name 新加卷
59:918  0:000  === [ StartLoader ] =======================================
59:918  0:000  Finally: ExternalClock=25MHz BusSpeed=99774kHz CPUFreq=2594MHz PIS: hw.busfrequency=100000000Hz
59:918  0:000  Loading boot.efi  status=Success
59:983  0:065  GetOSVersion: 10.15.3 (19D76)
59:983  0:000  CSR_CFG: CSR_ALLOW_UNTRUSTED_KEXTS | CSR_ALLOW_UNRESTRICTED_FS | CSR_ALLOW_TASK_FOR_PID | CSR_ALLOW_UNRESTRICTED_DTRACE | CSR_ALLOW_UNRESTRICTED_NVRAM | CSR_ALLOW_UNAPPROVED_KEXTS
59:983  0:000  Will not patch boot.efi
59:983  0:000  EmuVariable InstallEmulation: orig vars copied, emu.var.services installed, CreateEvent VirtualAddressChange = Success, CreateEvent ExitBootServices = Success, set Status=Success
59:994  0:010  === [ PatchSmbios ] =======================================
59:994  0:000  insert table 9 for dev 0:0
59:994  0:000  insert table 9 for dev 0:0
59:994  0:000  Table 11 present, but rewritten for us
59:995  0:000  Trusting SMBIOS...
59:995  0:000  Detected alternating SMBIOS channel banks
59:995  0:000  Channels: 2
59:995  0:000  Interleave: 0 2 1 3 4 6 5 7 8 10 9 11 12 14 13 15 16 18 17 19 20 22 21 23
59:995  0:000   partNum=99U5469-045.A00LF 
59:995  0:000  SMBIOS Type 17 Index = 0 => 0 0:
59:995  0:000  BANK 0 DIMM0 1600MHz 4096MB(Ext:0MB)
59:995  0:000   partNum=RMT3160ED58E9W1600
59:995  0:000  SMBIOS Type 17 Index = 1 => 1 2:
59:995  0:000  BANK 1 DIMM0 1600MHz 4096MB(Ext:0MB)
59:995  0:000  mTotalSystemMemory = 8192
59:995  0:000  NumberOfMemoryDevices = 2
59:995  0:000  Type20[0]->End = 0x3FFFFF, Type17[0] = 0x1000
59:995  0:000  Type20[1]->End = 0x3FFFFF, Type17[1] = 0x3000
59:995  0:000  Table 133 is present, PlatformFeature=4F484B01
59:995  0:000  Change to: FFFB
59:995  0:000  === [ PatchACPI ] =========================================
59:995  0:000  Xsdt reallocation done
59:995  0:000  old FADT length=10C
59:995  0:000   SignatureFixup: 0x8EB6D8AD -> 0x0
59:995  0:000  Found OperationRegion(GNVS, SystemMemory, BAFBEA18, ...)
59:995  0:000  Found OperationRegion(OGNS, SystemMemory, BAFBCF98, ...)
59:995  0:000  Found OperationRegion(MCHT, SystemMemory, FED10000, ...)
59:995  0:000  Found OperationRegion(RCRB, SystemMemory, FED1C000, ...)
59:995  0:000  Found OperationRegion(MDBG, SystemMemory, BAFB9018, ...)
59:995  0:000  Found OperationRegion(COMP, SystemMemory, BAFBEC98, ...)
59:995  0:000  Found OperationRegion(ECMM, SystemMemory, FF000000, ...)
59:995  0:000  Found OperationRegion(ECMP, SystemMemory, FF000000, ...)
60:035  0:039  DSDT found in Clover volume OEM folder: EFI\CLOVER\ACPI\patched\DSDT.aml
60:035  0:000  Apply DsdtFixMask=0x10080041
60:035  0:000     drop _DSM mask=0x0000
60:035  0:000  === [ FixBiosDsdt ] =======================================
60:035  0:000  Patching DSDT:
60:035  0:000   - [change EC0 to EC]: pattern 4543305F, patched at: [ (238F) (17) (44) (19) (17) (15) (3F) (2D) (E4) (15) (71) (15) (38) (15) (43) (34) (213) (2D) (F7) (2D) (2D) (47) (2A) (37) (23) (105) (17) (17) (18) (18) (18) (18) (18) (18) (18) (18) (18) (18) (18) (18) (18) (57) (27E) (14) (12F5) (57A) (BF6) (11) (3E0) (11) (7D) (2E) (2E) (2E) (106A) (28) (294) (3A) (7EA) (2F) (149D) (F) (902) (C2) (F) (D9) (10) (F) (10) (18) (1B) (B) (160) (12) (16) (B) (25) (D) (20) (18) (16) (28) (31) (62) (4FA) (D07) (50) ]
60:035  0:000    0 replacements
60:036  0:000  device (IMEI) found at 226E, don't add!
60:036  0:000    indirect name=SRCB
60:036  0:000  PreCleanup XSDT: count=16, length=164
60:036  0:000  PreCleanup XSDT, corrected XSDT: count=16, length=164
60:036  0:000  === [ ACPIDropTables ] ====================================
60:036  0:000  === [ DropSSDT ] ==========================================
60:036  0:000  Drop tables from XSDT, SIGN=SSDT TableID= Length=0
60:036  0:000   Table[7]: SSDT  CB-01     1790 dropped
60:036  0:000   Table[13]: SSDT  CB-01     2474 dropped
60:036  0:000   Table[14]: SSDT  CB-01     2706 dropped
60:036  0:000  === [ ACPIPatchedAML ] ====================================
60:036  0:000  Sorted
60:036  0:000  Inserting table[0]:SSDT.aml from EFI\CLOVER\ACPI\patched: size=1633 ... Success
60:036  0:000  ApicCPUNum=4
60:036  0:000  Using custom MaxMultiplier 32 instead of automatic 26
60:036  0:000  Maximum control=0x20
60:036  0:000  Turbo control=0x20
60:036  0:000  P-States: min 0x7, max 0x20
60:036  0:000  SSDT with CPU P-States and plugin-type generated successfully
60:036  0:000  SSDT with CPU C-States generated successfully
60:036  0:000  Cleanup XSDT: count=19, length=188
60:036  0:000  corrected XSDT count=16, length=164
60:036  0:000  === [ RestSetup macOS ] ===================================
60:036  0:000  EdidDiscovered size=128
60:036  0:000  --- Discovered EDID Table size:128
60:036  0:000  000  |  00  FF  FF  FF  FF  FF  FF  00  4C  A3
60:036  0:000  010  |  4C  41  00  00  00  00  00  14  01  03
60:036  0:000  020  |  80  1F  11  78  EA  87  F5  94  57  4F
60:036  0:000  030  |  8C  27  27  50  54  00  00  00  01  01
60:036  0:000  040  |  01  01  01  01  01  01  01  01  01  01
60:036  0:000  050  |  01  01  01  01  41  1C  56  A0  50  00
60:036  0:000  060  |  16  30  30  20  25  00  35  AE  10  00
60:036  0:000  070  |  00  19  00  00  00  0F  00  00  00  00
60:036  0:000  080  |  00  00  00  00  00  25  D9  06  6A  00
60:036  0:000  090  |  00  00  00  FE  00  53  41  4D  53  55
60:036  0:000  100  |  4E  47  0A  20  20  20  20  20  00  00
60:036  0:000  110  |  00  FE  00  31  34  30  41  54  32  30
60:036  0:000  120  |  2D  4C  30  31  0A  20  00  E1
60:036  0:000  Intel GFX injection not set
60:036  0:000   setting specified layout-id=7 (0x7)
60:037  0:000  stringlength = 2198
60:037  0:000  CurrentMode: Width=1366 Height=768
60:037  0:000  Beginning FSInjection
FSInjectionInstall ...
- Our FSI_SIMPLE_FILE_SYSTEM_PROTOCOL installed on handle: B81F6218
FSInjectionInstall ...
- Our FSI_SIMPLE_FILE_SYSTEM_PROTOCOL installed on handle: B81F6218
60:037  0:000  Use origin smbios table type 1 guid.
60:039  0:001    Force kext: System\Library\Extensions\IONetworkingFamily.kext
60:076  0:037      Force PlugIn kext: System\Library\Extensions\IONetworkingFamily.kext\Contents\PlugIns\AppleEthernetAquantiaAqtion.kext
60:099  0:022      Force PlugIn kext: System\Library\Extensions\IONetworkingFamily.kext\Contents\PlugIns\AppleBCM5701Ethernet.kext
60:123  0:024      Force PlugIn kext: System\Library\Extensions\IONetworkingFamily.kext\Contents\PlugIns\AppleIntelI210Ethernet.kext
60:144  0:020      Force PlugIn kext: System\Library\Extensions\IONetworkingFamily.kext\Contents\PlugIns\Intel82574L.kext
60:163  0:018      Force PlugIn kext: System\Library\Extensions\IONetworkingFamily.kext\Contents\PlugIns\IOEthernetAVBController.kext
60:176  0:013      Force PlugIn kext: System\Library\Extensions\IONetworkingFamily.kext\Contents\PlugIns\AppleEthernetAquantiaAqtionFirmware.kext
60:193  0:017      Force PlugIn kext: System\Library\Extensions\IONetworkingFamily.kext\Contents\PlugIns\AppleIntel8254XEthernet.kext
60:210  0:016      Force PlugIn kext: System\Library\Extensions\IONetworkingFamily.kext\Contents\PlugIns\AppleVmxnet3Ethernet.kext
60:226  0:016      Force PlugIn kext: System\Library\Extensions\IONetworkingFamily.kext\Contents\PlugIns\mDNSOffloadUserClient.kext
60:240  0:014  Preparing kexts injection for arch=x86_64 from EFI\CLOVER\kexts\Other
60:240  0:000  ->Extra kext: EFI\CLOVER\kexts\Other\ACPIBatteryManager.kext (v.1.81.4)
60:457  0:216  ->Extra kext: EFI\CLOVER\kexts\Other\WhateverGreen.kext (v.1.2.4)
60:477  0:020  ->Extra kext: EFI\CLOVER\kexts\Other\VoodooPS2Controller.kext (v.1.9.2)
60:499  0:022      |-- PlugIn kext: EFI\CLOVER\kexts\Other\VoodooPS2Controller.kext\Contents\PlugIns\VoodooPS2Mouse.kext (v.1.9.2)
60:534  0:034      |-- PlugIn kext: EFI\CLOVER\kexts\Other\VoodooPS2Controller.kext\Contents\PlugIns\VoodooPS2Keyboard.kext (v.1.9.2)
60:558  0:023      |-- PlugIn kext: EFI\CLOVER\kexts\Other\VoodooPS2Controller.kext\Contents\PlugIns\VoodooPS2Trackpad.kext (v.1.9.2)
60:581  0:022  ->Extra kext: EFI\CLOVER\kexts\Other\Lilu.kext (v.1.4.1)
60:596  0:015  ->Extra kext: EFI\CLOVER\kexts\Other\IOBluetoothFamily.kext (v.4.4.6f1)
60:627  0:030      |-- PlugIn kext: EFI\CLOVER\kexts\Other\IOBluetoothFamily.kext\Contents\PlugIns\IOBluetoothUSBDFU.kext (v.4.4.6f1)
60:673  0:045      |-- PlugIn kext: EFI\CLOVER\kexts\Other\IOBluetoothFamily.kext\Contents\PlugIns\IOBluetoothSerialManager.kext (v.4.4.6f1)
60:696  0:022      |-- PlugIn kext: EFI\CLOVER\kexts\Other\IOBluetoothFamily.kext\Contents\PlugIns\IOBluetoothHostControllerUSBTransport.kext (v.4.4.6f1)
60:716  0:020      |-- PlugIn kext: EFI\CLOVER\kexts\Other\IOBluetoothFamily.kext\Contents\PlugIns\IOBluetoothHostControllerUARTTransport.kext (v.4.4.6f1)
60:733  0:016      |-- PlugIn kext: EFI\CLOVER\kexts\Other\IOBluetoothFamily.kext\Contents\PlugIns\CSRHIDTransitionDriver.kext (v.4.4.6f1)
60:756  0:023      |-- PlugIn kext: EFI\CLOVER\kexts\Other\IOBluetoothFamily.kext\Contents\PlugIns\CSRBluetoothHostControllerUSBTransport.kext (v.4.4.6f1)
60:779  0:023      |-- PlugIn kext: EFI\CLOVER\kexts\Other\IOBluetoothFamily.kext\Contents\PlugIns\BroadcomBluetoothHostControllerUSBTransport.kext (v.4.4.6f1)
60:862  0:083  ->Extra kext: EFI\CLOVER\kexts\Other\VoodooI2C.kext (v.2.3)
60:909  0:046      |-- PlugIn kext: EFI\CLOVER\kexts\Other\VoodooI2C.kext\Contents\PlugIns\VoodooI2CServices.kext (v.1)
60:919  0:009      |-- PlugIn kext: EFI\CLOVER\kexts\Other\VoodooI2C.kext\Contents\PlugIns\VoodooGPIO.kext (v.1.1)
60:931  0:011  ->Extra kext: EFI\CLOVER\kexts\Other\IntelMausiEthernet.kext (v.2.2.0)
60:968  0:037  ->Extra kext: EFI\CLOVER\kexts\Other\FakeSMC.kext (v.1707)
60:987  0:018  ->Extra kext: EFI\CLOVER\kexts\Other\SATA-200-series-unsupported.kext (v.0.5.1)
60:998  0:010  ->Extra kext: EFI\CLOVER\kexts\Other\AtherosE2200Ethernet.kext (v.2.2.1)
61:020  0:022  ->Extra kext: EFI\CLOVER\kexts\Other\AppleALC.kext (v.1.4.5)
62:105  1:085  ->Extra kext: EFI\CLOVER\kexts\Other\SATA-100-series-unsupported.kext (v.0.5.1)
62:117  0:011  Preparing kexts injection for arch=x86_64 from EFI\CLOVER\kexts\10
62:117  0:000  Preparing kexts injection for arch=x86_64 from EFI\CLOVER\kexts\10_normal
62:117  0:000  Preparing kexts injection for arch=x86_64 from EFI\CLOVER\kexts\10.15
62:117  0:000  Preparing kexts injection for arch=x86_64 from EFI\CLOVER\kexts\10.15_normal
62:117  0:000  Preparing kexts injection for arch=x86_64 from EFI\CLOVER\kexts\10.15.3
62:117  0:000  Preparing kexts injection for arch=x86_64 from EFI\CLOVER\kexts\10.15.3_normal
62:127  0:010  Custom boot screen not used because entry has unset use graphics
62:127  0:000  Closing log
